05-07 10:41:47 com_github_MitjaNemec_Archive3DModels.action_archive_3d_models 220:Plugin executed on: 'win32'
05-07 10:41:47 com_github_MitjaNemec_Archive3DModels.action_archive_3d_models 221:Plugin executed with python version: '3.11.5 (main, Apr  9 2024, 02:53:56) [MSC v.1936 64 bit (AMD64)]'
05-07 10:41:47 com_github_MitjaNemec_Archive3DModels.action_archive_3d_models 222:KiCad build version: 8.0.2
05-07 10:41:47 com_github_MitjaNemec_Archive3DModels.action_archive_3d_models 223:Plugin version: 1.0.11

05-07 10:41:47 com_github_MitjaNemec_Archive3DModels.action_archive_3d_models 228:Screen sizes: [wx.Size(3840, 2160)]
05-07 10:41:47 com_github_MitjaNemec_Archive3DModels.action_archive_3d_models 235:Dialog size: wx.Size(213, 81)
05-07 10:41:47 com_github_MitjaNemec_Archive3DModels.action_archive_3d_models 237:Char size: 15
05-07 10:41:55 com_github_MitjaNemec_Archive3DModels.archive_3d_models 26:Starting to archive 3D models
05-07 10:41:55 com_github_MitjaNemec_Archive3DModels.archive_3d_models 47:Getting 3D models for footprint of: LED1
05-07 10:41:55 com_github_MitjaNemec_Archive3DModels.archive_3d_models 58:Trying to copy: ${KICAD8_3DMODEL_DIR}/LED_THT.3dshapes/LED_D2.0mm_W4.8mm_H2.5mm_FlatTop.step
05-07 10:41:55 com_github_MitjaNemec_Archive3DModels.archive_3d_models 138:Remapping: ${KICAD8_3DMODEL_DIR}/LED_THT.3dshapes/LED_D2.0mm_W4.8mm_H2.5mm_FlatTop.step
05-07 10:41:55 com_github_MitjaNemec_Archive3DModels.archive_3d_models 47:Getting 3D models for footprint of: LED2
05-07 10:41:55 com_github_MitjaNemec_Archive3DModels.archive_3d_models 58:Trying to copy: ${KICAD8_3DMODEL_DIR}/LED_THT.3dshapes/LED_D2.0mm_W4.8mm_H2.5mm_FlatTop.step
05-07 10:41:55 com_github_MitjaNemec_Archive3DModels.archive_3d_models 138:Remapping: ${KICAD8_3DMODEL_DIR}/LED_THT.3dshapes/LED_D2.0mm_W4.8mm_H2.5mm_FlatTop.step
05-07 10:41:55 com_github_MitjaNemec_Archive3DModels.archive_3d_models 47:Getting 3D models for footprint of: U1
05-07 10:41:55 com_github_MitjaNemec_Archive3DModels.archive_3d_models 58:Trying to copy: ${KICAD6_3DMODEL_DIR}/Package_DIP.3dshapes/DIP-8_W7.62mm_Socket.step
05-07 10:41:55 com_github_MitjaNemec_Archive3DModels.archive_3d_models 73:Can not find model defined with enviroment variable:
${KICAD6_3DMODEL_DIR}/Package_DIP.3dshapes/DIP-8_W7.62mm_Socket.step
05-07 10:41:55 com_github_MitjaNemec_Archive3DModels.archive_3d_models 134:Did not copy: ${KICAD6_3DMODEL_DIR}/Package_DIP.3dshapes/DIP-8_W7.62mm_Socket.step
05-07 10:41:55 com_github_MitjaNemec_Archive3DModels.archive_3d_models 138:Remapping: ${KICAD6_3DMODEL_DIR}/Package_DIP.3dshapes/DIP-8_W7.62mm_Socket.step
05-07 10:41:55 com_github_MitjaNemec_Archive3DModels.archive_3d_models 58:Trying to copy: ${KIPRJMOD}/packages3D/DIP-8_W7.62mm_Socket.step
05-07 10:41:55 com_github_MitjaNemec_Archive3DModels.archive_3d_models 134:Did not copy: ${KIPRJMOD}/packages3D/DIP-8_W7.62mm_Socket.step
05-07 10:41:55 com_github_MitjaNemec_Archive3DModels.archive_3d_models 138:Remapping: ${KIPRJMOD}/packages3D/DIP-8_W7.62mm_Socket.step
05-07 10:41:55 com_github_MitjaNemec_Archive3DModels.archive_3d_models 47:Getting 3D models for footprint of: J4
05-07 10:41:55 com_github_MitjaNemec_Archive3DModels.archive_3d_models 58:Trying to copy: R:/MyDrive/Euroclack/Build your own modular book/buildyourownmodular/PCBs/BYOM_3D_models/DC-IN-TH_DC-012A-20A.wrl
05-07 10:41:55 com_github_MitjaNemec_Archive3DModels.archive_3d_models 138:Remapping: R:/MyDrive/Euroclack/Build your own modular book/buildyourownmodular/PCBs/BYOM_3D_models/DC-IN-TH_DC-012A-20A.wrl
05-07 10:41:55 com_github_MitjaNemec_Archive3DModels.archive_3d_models 47:Getting 3D models for footprint of: C1
05-07 10:41:55 com_github_MitjaNemec_Archive3DModels.archive_3d_models 58:Trying to copy: ${KICAD8_3DMODEL_DIR}/Capacitor_THT.3dshapes/C_Radial_D5.0mm_H7.0mm_P2.00mm.wrl
05-07 10:41:55 com_github_MitjaNemec_Archive3DModels.archive_3d_models 138:Remapping: ${KICAD8_3DMODEL_DIR}/Capacitor_THT.3dshapes/C_Radial_D5.0mm_H7.0mm_P2.00mm.wrl
05-07 10:41:55 com_github_MitjaNemec_Archive3DModels.archive_3d_models 47:Getting 3D models for footprint of: C2
05-07 10:41:55 com_github_MitjaNemec_Archive3DModels.archive_3d_models 58:Trying to copy: ${KICAD8_3DMODEL_DIR}/Capacitor_THT.3dshapes/C_Radial_D5.0mm_H7.0mm_P2.00mm.wrl
05-07 10:41:55 com_github_MitjaNemec_Archive3DModels.archive_3d_models 138:Remapping: ${KICAD8_3DMODEL_DIR}/Capacitor_THT.3dshapes/C_Radial_D5.0mm_H7.0mm_P2.00mm.wrl
05-07 10:41:55 com_github_MitjaNemec_Archive3DModels.archive_3d_models 47:Getting 3D models for footprint of: C5
05-07 10:41:55 com_github_MitjaNemec_Archive3DModels.archive_3d_models 58:Trying to copy: ${KICAD8_3DMODEL_DIR}/Capacitor_THT.3dshapes/C_Radial_D5.0mm_H7.0mm_P2.00mm.wrl
05-07 10:41:55 com_github_MitjaNemec_Archive3DModels.archive_3d_models 138:Remapping: ${KICAD8_3DMODEL_DIR}/Capacitor_THT.3dshapes/C_Radial_D5.0mm_H7.0mm_P2.00mm.wrl
05-07 10:41:55 com_github_MitjaNemec_Archive3DModels.archive_3d_models 47:Getting 3D models for footprint of: C4
05-07 10:41:55 com_github_MitjaNemec_Archive3DModels.archive_3d_models 58:Trying to copy: ${KICAD8_3DMODEL_DIR}/Capacitor_THT.3dshapes/C_Radial_D5.0mm_H7.0mm_P2.00mm.wrl
05-07 10:41:55 com_github_MitjaNemec_Archive3DModels.archive_3d_models 138:Remapping: ${KICAD8_3DMODEL_DIR}/Capacitor_THT.3dshapes/C_Radial_D5.0mm_H7.0mm_P2.00mm.wrl
05-07 10:41:55 com_github_MitjaNemec_Archive3DModels.archive_3d_models 47:Getting 3D models for footprint of: L1
05-07 10:41:55 com_github_MitjaNemec_Archive3DModels.archive_3d_models 58:Trying to copy: ${KICAD8_3DMODEL_DIR}/Inductor_THT.3dshapes/L_Radial_D10.0mm_P5.00mm_Neosid_SD12_style3.wrl
05-07 10:41:55 com_github_MitjaNemec_Archive3DModels.archive_3d_models 138:Remapping: ${KICAD8_3DMODEL_DIR}/Inductor_THT.3dshapes/L_Radial_D10.0mm_P5.00mm_Neosid_SD12_style3.wrl
05-07 10:41:55 com_github_MitjaNemec_Archive3DModels.archive_3d_models 47:Getting 3D models for footprint of: R2
05-07 10:41:55 com_github_MitjaNemec_Archive3DModels.archive_3d_models 58:Trying to copy: ${KISYS3DMOD}/Resistor_THT.3dshapes/R_Axial_DIN0207_L6.3mm_D2.5mm_P10.16mm_Horizontal.wrl
05-07 10:41:55 com_github_MitjaNemec_Archive3DModels.archive_3d_models 73:Can not find model defined with enviroment variable:
${KISYS3DMOD}/Resistor_THT.3dshapes/R_Axial_DIN0207_L6.3mm_D2.5mm_P10.16mm_Horizontal.wrl
05-07 10:41:55 com_github_MitjaNemec_Archive3DModels.archive_3d_models 134:Did not copy: ${KISYS3DMOD}/Resistor_THT.3dshapes/R_Axial_DIN0207_L6.3mm_D2.5mm_P10.16mm_Horizontal.wrl
05-07 10:41:55 com_github_MitjaNemec_Archive3DModels.archive_3d_models 138:Remapping: ${KISYS3DMOD}/Resistor_THT.3dshapes/R_Axial_DIN0207_L6.3mm_D2.5mm_P10.16mm_Horizontal.wrl
05-07 10:41:55 com_github_MitjaNemec_Archive3DModels.archive_3d_models 47:Getting 3D models for footprint of: R6
05-07 10:41:55 com_github_MitjaNemec_Archive3DModels.archive_3d_models 58:Trying to copy: ${KISYS3DMOD}/Resistor_THT.3dshapes/R_Axial_DIN0207_L6.3mm_D2.5mm_P10.16mm_Horizontal.wrl
05-07 10:41:55 com_github_MitjaNemec_Archive3DModels.archive_3d_models 73:Can not find model defined with enviroment variable:
${KISYS3DMOD}/Resistor_THT.3dshapes/R_Axial_DIN0207_L6.3mm_D2.5mm_P10.16mm_Horizontal.wrl
05-07 10:41:55 com_github_MitjaNemec_Archive3DModels.archive_3d_models 134:Did not copy: ${KISYS3DMOD}/Resistor_THT.3dshapes/R_Axial_DIN0207_L6.3mm_D2.5mm_P10.16mm_Horizontal.wrl
05-07 10:41:55 com_github_MitjaNemec_Archive3DModels.archive_3d_models 138:Remapping: ${KISYS3DMOD}/Resistor_THT.3dshapes/R_Axial_DIN0207_L6.3mm_D2.5mm_P10.16mm_Horizontal.wrl
05-07 10:41:55 com_github_MitjaNemec_Archive3DModels.archive_3d_models 47:Getting 3D models for footprint of: J6
05-07 10:41:55 com_github_MitjaNemec_Archive3DModels.archive_3d_models 58:Trying to copy: ${KICAD8_3DMODEL_DIR}/Connector_IDC.3dshapes/IDC-Header_2x08_P2.54mm_Vertical.wrl
05-07 10:41:55 com_github_MitjaNemec_Archive3DModels.archive_3d_models 138:Remapping: ${KICAD8_3DMODEL_DIR}/Connector_IDC.3dshapes/IDC-Header_2x08_P2.54mm_Vertical.wrl
05-07 10:41:55 com_github_MitjaNemec_Archive3DModels.archive_3d_models 47:Getting 3D models for footprint of: C3
05-07 10:41:55 com_github_MitjaNemec_Archive3DModels.archive_3d_models 58:Trying to copy: ${KISYS3DMOD}/Capacitor_THT.3dshapes/C_Disc_D4.3mm_W1.9mm_P5.00mm.wrl
05-07 10:41:55 com_github_MitjaNemec_Archive3DModels.archive_3d_models 73:Can not find model defined with enviroment variable:
${KISYS3DMOD}/Capacitor_THT.3dshapes/C_Disc_D4.3mm_W1.9mm_P5.00mm.wrl
05-07 10:41:55 com_github_MitjaNemec_Archive3DModels.archive_3d_models 134:Did not copy: ${KISYS3DMOD}/Capacitor_THT.3dshapes/C_Disc_D4.3mm_W1.9mm_P5.00mm.wrl
05-07 10:41:55 com_github_MitjaNemec_Archive3DModels.archive_3d_models 138:Remapping: ${KISYS3DMOD}/Capacitor_THT.3dshapes/C_Disc_D4.3mm_W1.9mm_P5.00mm.wrl
05-07 10:41:55 com_github_MitjaNemec_Archive3DModels.archive_3d_models 47:Getting 3D models for footprint of: F2
05-07 10:41:55 com_github_MitjaNemec_Archive3DModels.archive_3d_models 58:Trying to copy: ${KISYS3DMOD}/Capacitor_THT.3dshapes/C_Disc_D4.3mm_W1.9mm_P5.00mm.wrl
05-07 10:41:55 com_github_MitjaNemec_Archive3DModels.archive_3d_models 73:Can not find model defined with enviroment variable:
${KISYS3DMOD}/Capacitor_THT.3dshapes/C_Disc_D4.3mm_W1.9mm_P5.00mm.wrl
05-07 10:41:55 com_github_MitjaNemec_Archive3DModels.archive_3d_models 134:Did not copy: ${KISYS3DMOD}/Capacitor_THT.3dshapes/C_Disc_D4.3mm_W1.9mm_P5.00mm.wrl
05-07 10:41:55 com_github_MitjaNemec_Archive3DModels.archive_3d_models 138:Remapping: ${KISYS3DMOD}/Capacitor_THT.3dshapes/C_Disc_D4.3mm_W1.9mm_P5.00mm.wrl
05-07 10:41:55 com_github_MitjaNemec_Archive3DModels.archive_3d_models 47:Getting 3D models for footprint of: R4
05-07 10:41:55 com_github_MitjaNemec_Archive3DModels.archive_3d_models 58:Trying to copy: ${KISYS3DMOD}/Resistor_THT.3dshapes/R_Axial_DIN0207_L6.3mm_D2.5mm_P10.16mm_Horizontal.wrl
05-07 10:41:55 com_github_MitjaNemec_Archive3DModels.archive_3d_models 73:Can not find model defined with enviroment variable:
${KISYS3DMOD}/Resistor_THT.3dshapes/R_Axial_DIN0207_L6.3mm_D2.5mm_P10.16mm_Horizontal.wrl
05-07 10:41:55 com_github_MitjaNemec_Archive3DModels.archive_3d_models 134:Did not copy: ${KISYS3DMOD}/Resistor_THT.3dshapes/R_Axial_DIN0207_L6.3mm_D2.5mm_P10.16mm_Horizontal.wrl
05-07 10:41:55 com_github_MitjaNemec_Archive3DModels.archive_3d_models 138:Remapping: ${KISYS3DMOD}/Resistor_THT.3dshapes/R_Axial_DIN0207_L6.3mm_D2.5mm_P10.16mm_Horizontal.wrl
05-07 10:41:55 com_github_MitjaNemec_Archive3DModels.archive_3d_models 47:Getting 3D models for footprint of: J3
05-07 10:41:55 com_github_MitjaNemec_Archive3DModels.archive_3d_models 58:Trying to copy: /home/ben/JLC2KiCad_lib/footprint/packages3d/CONN-TH_2P-P3.81_DB125-3.81-2P-BK-S.wrl
05-07 10:41:55 com_github_MitjaNemec_Archive3DModels.archive_3d_models 96:Ambiguous path for the model: /home/ben/JLC2KiCad_lib/footprint/packages3d/CONN-TH_2P-P3.81_DB125-3.81-2P-BK-S.wrl
05-07 10:41:55 com_github_MitjaNemec_Archive3DModels.archive_3d_models 113:Can not find model defined with: /home/ben/JLC2KiCad_lib/footprint/packages3d/CONN-TH_2P-P3.81_DB125-3.81-2P-BK-S.wrl
05-07 10:41:55 com_github_MitjaNemec_Archive3DModels.archive_3d_models 134:Did not copy: /home/ben/JLC2KiCad_lib/footprint/packages3d/CONN-TH_2P-P3.81_DB125-3.81-2P-BK-S.wrl
05-07 10:41:55 com_github_MitjaNemec_Archive3DModels.archive_3d_models 138:Remapping: /home/ben/JLC2KiCad_lib/footprint/packages3d/CONN-TH_2P-P3.81_DB125-3.81-2P-BK-S.wrl
05-07 10:41:55 com_github_MitjaNemec_Archive3DModels.archive_3d_models 47:Getting 3D models for footprint of: J2
05-07 10:41:55 com_github_MitjaNemec_Archive3DModels.archive_3d_models 58:Trying to copy: /home/ben/JLC2KiCad_lib/footprint/packages3d/CONN-TH_2P-P3.81_DB125-3.81-2P-BK-S.wrl
05-07 10:41:55 com_github_MitjaNemec_Archive3DModels.archive_3d_models 96:Ambiguous path for the model: /home/ben/JLC2KiCad_lib/footprint/packages3d/CONN-TH_2P-P3.81_DB125-3.81-2P-BK-S.wrl
05-07 10:41:55 com_github_MitjaNemec_Archive3DModels.archive_3d_models 113:Can not find model defined with: /home/ben/JLC2KiCad_lib/footprint/packages3d/CONN-TH_2P-P3.81_DB125-3.81-2P-BK-S.wrl
05-07 10:41:55 com_github_MitjaNemec_Archive3DModels.archive_3d_models 134:Did not copy: /home/ben/JLC2KiCad_lib/footprint/packages3d/CONN-TH_2P-P3.81_DB125-3.81-2P-BK-S.wrl
05-07 10:41:55 com_github_MitjaNemec_Archive3DModels.archive_3d_models 138:Remapping: /home/ben/JLC2KiCad_lib/footprint/packages3d/CONN-TH_2P-P3.81_DB125-3.81-2P-BK-S.wrl
05-07 10:41:55 com_github_MitjaNemec_Archive3DModels.archive_3d_models 47:Getting 3D models for footprint of: R7
05-07 10:41:55 com_github_MitjaNemec_Archive3DModels.archive_3d_models 58:Trying to copy: ${KISYS3DMOD}/Resistor_THT.3dshapes/R_Axial_DIN0207_L6.3mm_D2.5mm_P10.16mm_Horizontal.wrl
05-07 10:41:55 com_github_MitjaNemec_Archive3DModels.archive_3d_models 73:Can not find model defined with enviroment variable:
${KISYS3DMOD}/Resistor_THT.3dshapes/R_Axial_DIN0207_L6.3mm_D2.5mm_P10.16mm_Horizontal.wrl
05-07 10:41:55 com_github_MitjaNemec_Archive3DModels.archive_3d_models 134:Did not copy: ${KISYS3DMOD}/Resistor_THT.3dshapes/R_Axial_DIN0207_L6.3mm_D2.5mm_P10.16mm_Horizontal.wrl
05-07 10:41:55 com_github_MitjaNemec_Archive3DModels.archive_3d_models 138:Remapping: ${KISYS3DMOD}/Resistor_THT.3dshapes/R_Axial_DIN0207_L6.3mm_D2.5mm_P10.16mm_Horizontal.wrl
05-07 10:41:55 com_github_MitjaNemec_Archive3DModels.archive_3d_models 47:Getting 3D models for footprint of: J1
05-07 10:41:55 com_github_MitjaNemec_Archive3DModels.archive_3d_models 58:Trying to copy: /home/ben/JLC2KiCad_lib/footprint/packages3d/CONN-TH_2P-P3.81_DB125-3.81-2P-BK-S.wrl
05-07 10:41:55 com_github_MitjaNemec_Archive3DModels.archive_3d_models 96:Ambiguous path for the model: /home/ben/JLC2KiCad_lib/footprint/packages3d/CONN-TH_2P-P3.81_DB125-3.81-2P-BK-S.wrl
05-07 10:41:55 com_github_MitjaNemec_Archive3DModels.archive_3d_models 113:Can not find model defined with: /home/ben/JLC2KiCad_lib/footprint/packages3d/CONN-TH_2P-P3.81_DB125-3.81-2P-BK-S.wrl
05-07 10:41:55 com_github_MitjaNemec_Archive3DModels.archive_3d_models 134:Did not copy: /home/ben/JLC2KiCad_lib/footprint/packages3d/CONN-TH_2P-P3.81_DB125-3.81-2P-BK-S.wrl
05-07 10:41:55 com_github_MitjaNemec_Archive3DModels.archive_3d_models 138:Remapping: /home/ben/JLC2KiCad_lib/footprint/packages3d/CONN-TH_2P-P3.81_DB125-3.81-2P-BK-S.wrl
05-07 10:41:55 com_github_MitjaNemec_Archive3DModels.archive_3d_models 47:Getting 3D models for footprint of: D2
05-07 10:41:55 com_github_MitjaNemec_Archive3DModels.archive_3d_models 58:Trying to copy: ${KISYS3DMOD}/Diode_THT.3dshapes/D_DO-41_SOD81_P10.16mm_Horizontal.wrl
05-07 10:41:55 com_github_MitjaNemec_Archive3DModels.archive_3d_models 73:Can not find model defined with enviroment variable:
${KISYS3DMOD}/Diode_THT.3dshapes/D_DO-41_SOD81_P10.16mm_Horizontal.wrl
05-07 10:41:55 com_github_MitjaNemec_Archive3DModels.archive_3d_models 134:Did not copy: ${KISYS3DMOD}/Diode_THT.3dshapes/D_DO-41_SOD81_P10.16mm_Horizontal.wrl
05-07 10:41:55 com_github_MitjaNemec_Archive3DModels.archive_3d_models 138:Remapping: ${KISYS3DMOD}/Diode_THT.3dshapes/D_DO-41_SOD81_P10.16mm_Horizontal.wrl
05-07 10:41:55 com_github_MitjaNemec_Archive3DModels.archive_3d_models 47:Getting 3D models for footprint of: R1
05-07 10:41:55 com_github_MitjaNemec_Archive3DModels.archive_3d_models 58:Trying to copy: ${KISYS3DMOD}/Resistor_THT.3dshapes/R_Axial_DIN0207_L6.3mm_D2.5mm_P10.16mm_Horizontal.wrl
05-07 10:41:55 com_github_MitjaNemec_Archive3DModels.archive_3d_models 73:Can not find model defined with enviroment variable:
${KISYS3DMOD}/Resistor_THT.3dshapes/R_Axial_DIN0207_L6.3mm_D2.5mm_P10.16mm_Horizontal.wrl
05-07 10:41:55 com_github_MitjaNemec_Archive3DModels.archive_3d_models 134:Did not copy: ${KISYS3DMOD}/Resistor_THT.3dshapes/R_Axial_DIN0207_L6.3mm_D2.5mm_P10.16mm_Horizontal.wrl
05-07 10:41:55 com_github_MitjaNemec_Archive3DModels.archive_3d_models 138:Remapping: ${KISYS3DMOD}/Resistor_THT.3dshapes/R_Axial_DIN0207_L6.3mm_D2.5mm_P10.16mm_Horizontal.wrl
05-07 10:41:55 com_github_MitjaNemec_Archive3DModels.archive_3d_models 47:Getting 3D models for footprint of: J5
05-07 10:41:55 com_github_MitjaNemec_Archive3DModels.archive_3d_models 58:Trying to copy: ${KICAD8_3DMODEL_DIR}/Connector_IDC.3dshapes/IDC-Header_2x08_P2.54mm_Vertical.wrl
05-07 10:41:55 com_github_MitjaNemec_Archive3DModels.archive_3d_models 138:Remapping: ${KICAD8_3DMODEL_DIR}/Connector_IDC.3dshapes/IDC-Header_2x08_P2.54mm_Vertical.wrl
05-07 10:41:55 com_github_MitjaNemec_Archive3DModels.archive_3d_models 47:Getting 3D models for footprint of: F1
05-07 10:41:55 com_github_MitjaNemec_Archive3DModels.archive_3d_models 58:Trying to copy: ${KISYS3DMOD}/Capacitor_THT.3dshapes/C_Disc_D4.3mm_W1.9mm_P5.00mm.wrl
05-07 10:41:55 com_github_MitjaNemec_Archive3DModels.archive_3d_models 73:Can not find model defined with enviroment variable:
${KISYS3DMOD}/Capacitor_THT.3dshapes/C_Disc_D4.3mm_W1.9mm_P5.00mm.wrl
05-07 10:41:55 com_github_MitjaNemec_Archive3DModels.archive_3d_models 134:Did not copy: ${KISYS3DMOD}/Capacitor_THT.3dshapes/C_Disc_D4.3mm_W1.9mm_P5.00mm.wrl
05-07 10:41:55 com_github_MitjaNemec_Archive3DModels.archive_3d_models 138:Remapping: ${KISYS3DMOD}/Capacitor_THT.3dshapes/C_Disc_D4.3mm_W1.9mm_P5.00mm.wrl
05-07 10:41:55 com_github_MitjaNemec_Archive3DModels.archive_3d_models 47:Getting 3D models for footprint of: D1
05-07 10:41:55 com_github_MitjaNemec_Archive3DModels.archive_3d_models 58:Trying to copy: ${KISYS3DMOD}/Diode_THT.3dshapes/D_DO-41_SOD81_P10.16mm_Horizontal.wrl
05-07 10:41:55 com_github_MitjaNemec_Archive3DModels.archive_3d_models 73:Can not find model defined with enviroment variable:
${KISYS3DMOD}/Diode_THT.3dshapes/D_DO-41_SOD81_P10.16mm_Horizontal.wrl
05-07 10:41:55 com_github_MitjaNemec_Archive3DModels.archive_3d_models 134:Did not copy: ${KISYS3DMOD}/Diode_THT.3dshapes/D_DO-41_SOD81_P10.16mm_Horizontal.wrl
05-07 10:41:55 com_github_MitjaNemec_Archive3DModels.archive_3d_models 138:Remapping: ${KISYS3DMOD}/Diode_THT.3dshapes/D_DO-41_SOD81_P10.16mm_Horizontal.wrl
05-07 10:41:55 com_github_MitjaNemec_Archive3DModels.archive_3d_models 47:Getting 3D models for footprint of: R3
05-07 10:41:55 com_github_MitjaNemec_Archive3DModels.archive_3d_models 58:Trying to copy: ${KISYS3DMOD}/Resistor_THT.3dshapes/R_Axial_DIN0207_L6.3mm_D2.5mm_P10.16mm_Horizontal.wrl
05-07 10:41:55 com_github_MitjaNemec_Archive3DModels.archive_3d_models 73:Can not find model defined with enviroment variable:
${KISYS3DMOD}/Resistor_THT.3dshapes/R_Axial_DIN0207_L6.3mm_D2.5mm_P10.16mm_Horizontal.wrl
05-07 10:41:55 com_github_MitjaNemec_Archive3DModels.archive_3d_models 134:Did not copy: ${KISYS3DMOD}/Resistor_THT.3dshapes/R_Axial_DIN0207_L6.3mm_D2.5mm_P10.16mm_Horizontal.wrl
05-07 10:41:55 com_github_MitjaNemec_Archive3DModels.archive_3d_models 138:Remapping: ${KISYS3DMOD}/Resistor_THT.3dshapes/R_Axial_DIN0207_L6.3mm_D2.5mm_P10.16mm_Horizontal.wrl
05-07 10:41:55 com_github_MitjaNemec_Archive3DModels.archive_3d_models 47:Getting 3D models for footprint of: R5
05-07 10:41:55 com_github_MitjaNemec_Archive3DModels.archive_3d_models 58:Trying to copy: ${KISYS3DMOD}/Resistor_THT.3dshapes/R_Axial_DIN0207_L6.3mm_D2.5mm_P10.16mm_Horizontal.wrl
05-07 10:41:55 com_github_MitjaNemec_Archive3DModels.archive_3d_models 73:Can not find model defined with enviroment variable:
${KISYS3DMOD}/Resistor_THT.3dshapes/R_Axial_DIN0207_L6.3mm_D2.5mm_P10.16mm_Horizontal.wrl
05-07 10:41:55 com_github_MitjaNemec_Archive3DModels.archive_3d_models 134:Did not copy: ${KISYS3DMOD}/Resistor_THT.3dshapes/R_Axial_DIN0207_L6.3mm_D2.5mm_P10.16mm_Horizontal.wrl
05-07 10:41:55 com_github_MitjaNemec_Archive3DModels.archive_3d_models 138:Remapping: ${KISYS3DMOD}/Resistor_THT.3dshapes/R_Axial_DIN0207_L6.3mm_D2.5mm_P10.16mm_Horizontal.wrl
05-07 10:41:55 com_github_MitjaNemec_Archive3DModels.archive_3d_models 47:Getting 3D models for footprint of: kibuzzard-63C13629
05-07 10:41:55 com_github_MitjaNemec_Archive3DModels.archive_3d_models 47:Getting 3D models for footprint of: kibuzzard-6399AAFB
05-07 10:41:55 com_github_MitjaNemec_Archive3DModels.archive_3d_models 47:Getting 3D models for footprint of: kibuzzard-63C1369E
05-07 10:41:55 com_github_MitjaNemec_Archive3DModels.archive_3d_models 47:Getting 3D models for footprint of: REF**
05-07 10:41:55 com_github_MitjaNemec_Archive3DModels.archive_3d_models 47:Getting 3D models for footprint of: REF**
05-07 10:41:55 com_github_MitjaNemec_Archive3DModels.archive_3d_models 47:Getting 3D models for footprint of: REF**
05-07 10:41:55 com_github_MitjaNemec_Archive3DModels.archive_3d_models 47:Getting 3D models for footprint of: REF**
05-07 10:41:55 com_github_MitjaNemec_Archive3DModels.archive_3d_models 149:Did not succeed to copy 3D models!
('U1', '${KICAD6_3DMODEL_DIR}\\Package_DIP.3dshapes\\DIP-8_W7.62mm_Socket.step')
('U1', '${KIPRJMOD}\\packages3D\\DIP-8_W7.62mm_Socket.step')
('R2', '${KISYS3DMOD}\\Resistor_THT.3dshapes\\R_Axial_DIN0207_L6.3mm_D2.5mm_P10.16mm_Horizontal.wrl')
('R6', '${KISYS3DMOD}\\Resistor_THT.3dshapes\\R_Axial_DIN0207_L6.3mm_D2.5mm_P10.16mm_Horizontal.wrl')
('C3', '${KISYS3DMOD}\\Capacitor_THT.3dshapes\\C_Disc_D4.3mm_W1.9mm_P5.00mm.wrl')
('F2', '${KISYS3DMOD}\\Capacitor_THT.3dshapes\\C_Disc_D4.3mm_W1.9mm_P5.00mm.wrl')
('R4', '${KISYS3DMOD}\\Resistor_THT.3dshapes\\R_Axial_DIN0207_L6.3mm_D2.5mm_P10.16mm_Horizontal.wrl')
('J3', '\\home\\ben\\JLC2KiCad_lib\\footprint\\packages3d\\CONN-TH_2P-P3.81_DB125-3.81-2P-BK-S.wrl')
('J2', '\\home\\ben\\JLC2KiCad_lib\\footprint\\packages3d\\CONN-TH_2P-P3.81_DB125-3.81-2P-BK-S.wrl')
('R7', '${KISYS3DMOD}\\Resistor_THT.3dshapes\\R_Axial_DIN0207_L6.3mm_D2.5mm_P10.16mm_Horizontal.wrl')
('J1', '\\home\\ben\\JLC2KiCad_lib\\footprint\\packages3d\\CONN-TH_2P-P3.81_DB125-3.81-2P-BK-S.wrl')
('D2', '${KISYS3DMOD}\\Diode_THT.3dshapes\\D_DO-41_SOD81_P10.16mm_Horizontal.wrl')
('R1', '${KISYS3DMOD}\\Resistor_THT.3dshapes\\R_Axial_DIN0207_L6.3mm_D2.5mm_P10.16mm_Horizontal.wrl')
('F1', '${KISYS3DMOD}\\Capacitor_THT.3dshapes\\C_Disc_D4.3mm_W1.9mm_P5.00mm.wrl')
('D1', '${KISYS3DMOD}\\Diode_THT.3dshapes\\D_DO-41_SOD81_P10.16mm_Horizontal.wrl')
('R3', '${KISYS3DMOD}\\Resistor_THT.3dshapes\\R_Axial_DIN0207_L6.3mm_D2.5mm_P10.16mm_Horizontal.wrl')
('R5', '${KISYS3DMOD}\\Resistor_THT.3dshapes\\R_Axial_DIN0207_L6.3mm_D2.5mm_P10.16mm_Horizontal.wrl')
